<?xml version="1.0" encoding="UTF-8"?>
<!-- Generated by org.testng.reporters.JUnitXMLReporter -->
<testsuite ignored="0" hostname="MacBook-Pro.local" failures="0" tests="5" name="Command line test" time="37.355" errors="0" timestamp="2022-06-15T13:33:20 EEST">
  <testcase classname="CheckBoxTest" name="checkConfirmSeleniumIsCheckedCheckboxTest" time="0.025"/>
  <testcase classname="CheckBoxTest" name="checkDeselectOnlyCheckedCheckboxTest" time="0.096"/>
  <testcase classname="CheckBoxTest" name="selectAllBelowCheckboxesTest" time="0.229"/>
  <testcase classname="CheckBoxTest" name="selectLanguageBlockCheckboxTest" time="0.039"/>
  <testcase classname="ukrnet.UkrNetTest" name="sendEmailToMailinatorTest" time="30.492"/>
</testsuite> <!-- Command line test -->
